This is pdfTeX, Version 3.141592653-2.6-1.40.25 (TeX Live 2023) (preloaded format=pdflatex 2023.8.6)  6 AUG 2023 16:48
entering extended mode
 restricted \write18 enabled.
 %&-line parsing enabled.
**C:/Data-Analysis-Projects/lavaca-nutrient-manuscript/Schramm-2023-06-PeerJ/diff.tex
(c:/Data-Analysis-Projects/lavaca-nutrient-manuscript/Schramm-2023-06-PeerJ/diff.tex
LaTeX2e <2023-06-01> patch level 1
L3 programming layer <2023-08-03>

! LaTeX Error: File `wlpeerj.cls' not found.

Type X to quit or <RETURN> to proceed,
or enter new name. (Default extension: cls)

Enter file name: 
! Emergency stop.
<read *> 
         
l.15 ^^M
         
Here is how much of TeX's memory you used:
 23 strings out of 477128
 745 string characters out of 5809661
 1916248 words of memory out of 5000000
 21168 multiletter control sequences out of 15000+600000
 558069 words of font info for 36 fonts, out of 8000000 for 9000
 14 hyphenation exceptions out of 8191
 19i,0n,29p,222b,17s stack positions out of 10000i,1000n,20000p,200000b,200000s

!  ==> Fatal error occurred, no output PDF file produced!
